Started GET "/users/1" for 127.0.0.1 at 2021-07-27 23:17:20 +0900
  
ActionController::RoutingError (No route matches [GET] "/users/1"):
  
vendor/bundle/ruby/2.6.0/gems/actionpack-5.1.6/lib/action_dispatch/middleware/debug_exceptions.rb:63:in `call'
vendor/bundle/ruby/2.6.0/gems/web-console-3.5.1/lib/web_console/middleware.rb:135:in `call_app'
vendor/bundle/ruby/2.6.0/gems/web-console-3.5.1/lib/web_console/middleware.rb:28:in `block in call'
vendor/bundle/ruby/2.6.0/gems/web-console-3.5.1/lib/web_console/middleware.rb:18:in `catch'
vendor/bundle/ruby/2.6.0/gems/web-console-3.5.1/lib/web_console/middleware.rb:18:in `call'
vendor/bundle/ruby/2.6.0/gems/actionpack-5.1.6/lib/action_dispatch/middleware/show_exceptions.rb:31:in `call'
vendor/bundle/ruby/2.6.0/gems/railties-5.1.6/lib/rails/rack/logger.rb:36:in `call_app'
vendor/bundle/ruby/2.6.0/gems/railties-5.1.6/lib/rails/rack/logger.rb:24:in `block in call'
vendor/bundle/ruby/2.6.0/gems/activesupport-5.1.6/lib/active_support/tagged_logging.rb:69:in `block in tagged'
vendor/bundle/ruby/2.6.0/gems/activesupport-5.1.6/lib/active_support/tagged_logging.rb:26:in `tagged'
vendor/bundle/ruby/2.6.0/gems/activesupport-5.1.6/lib/active_support/tagged_logging.rb:69:in `tagged'
vendor/bundle/ruby/2.6.0/gems/railties-5.1.6/lib/rails/rack/logger.rb:24:in `call'
vendor/bundle/ruby/2.6.0/gems/sprockets-rails-3.2.2/lib/sprockets/rails/quiet_assets.rb:13:in `call'
vendor/bundle/ruby/2.6.0/gems/actionpack-5.1.6/lib/action_dispatch/middleware/remote_ip.rb:79:in `call'
vendor/bundle/ruby/2.6.0/gems/actionpack-5.1.6/lib/action_dispatch/middleware/request_id.rb:25:in `call'
vendor/bundle/ruby/2.6.0/gems/rack-2.2.3/lib/rack/method_override.rb:24:in `call'
vendor/bundle/ruby/2.6.0/gems/rack-2.2.3/lib/rack/runtime.rb:22:in `call'
vendor/bundle/ruby/2.6.0/gems/activesupport-5.1.6/lib/active_support/cache/strategy/local_cache_middleware.rb:27:in `call'
vendor/bundle/ruby/2.6.0/gems/actionpack-5.1.6/lib/action_dispatch/middleware/executor.rb:12:in `call'
vendor/bundle/ruby/2.6.0/gems/actionpack-5.1.6/lib/action_dispatch/middleware/static.rb:125:in `call'
vendor/bundle/ruby/2.6.0/gems/rack-2.2.3/lib/rack/sendfile.rb:110:in `call'
vendor/bundle/ruby/2.6.0/gems/railties-5.1.6/lib/rails/engine.rb:522:in `call'
vendor/bundle/ruby/2.6.0/gems/puma-3.9.1/lib/puma/configuration.rb:224:in `call'
vendor/bundle/ruby/2.6.0/gems/puma-3.9.1/lib/puma/server.rb:602:in `handle_request'
vendor/bundle/ruby/2.6.0/gems/puma-3.9.1/lib/puma/server.rb:435:in `process_client'
vendor/bundle/ruby/2.6.0/gems/puma-3.9.1/lib/puma/server.rb:299:in `block in run'
vendor/bundle/ruby/2.6.0/gems/puma-3.9.1/lib/puma/thread_pool.rb:120:in `block in spawn_thread'
Started GET "/" for 127.0.0.1 at 2021-07-27 23:17:20 +0900
Processing by Rails::WelcomeController#index as HTML
  Rendering vendor/bundle/ruby/2.6.0/gems/railties-5.1.6/lib/rails/templates/rails/welcome/index.html.erb
  Rendered vendor/bundle/ruby/2.6.0/gems/railties-5.1.6/lib/rails/templates/rails/welcome/index.html.erb (4.7ms)
Completed 200 OK in 261ms (Views: 6.8ms)


Started GET "/static_pages/home" for 127.0.0.1 at 2021-07-27 23:17:21 +0900
Processing by StaticPagesController#home as HTML
  Rendering static_pages/home.html.erb within layouts/application
  Rendered static_pages/home.html.erb within layouts/application (0.3ms)
Completed 200 OK in 1047ms (Views: 1045.4ms)


Started GET "/static_pages/home" for 127.0.0.1 at 2021-07-28 09:43:42 +0900
Processing by StaticPagesController#home as HTML
  Rendering static_pages/home.html.erb within layouts/application
  Rendered static_pages/home.html.erb within layouts/application (22.8ms)
Completed 200 OK in 154ms (Views: 104.9ms)


Started GET "/static_pages/home" for 127.0.0.1 at 2021-07-28 09:44:29 +0900
Processing by StaticPagesController#home as HTML
  Rendering static_pages/home.html.erb within layouts/application
  Rendered static_pages/home.html.erb within layouts/application (3.6ms)
Completed 200 OK in 50ms (Views: 37.3ms)


Started GET "/static_pages/help" for 127.0.0.1 at 2021-07-28 09:44:33 +0900
Processing by StaticPagesController#help as HTML
  Rendering static_pages/help.html.erb within layouts/application
  Rendered static_pages/help.html.erb within layouts/application (2.3ms)
Completed 200 OK in 26ms (Views: 21.8ms)


